app/build/intermediates/manifest_merge_blame_file/debug/manifest-merger-blame-debug-report.txt
1<?xml version="1.0" encoding="utf-8"?>
2<manifest xmlns:android="http://schemas.android.com/apk/res/android"
3    package="localhost.derekziemba.activitylauncher"
4    android:versionCode="100"
5    android:versionName="2.0" >
6
7    <uses-sdk
8        android:minSdkVersion="14"
8-->src/main/AndroidManifest.xml
9        android:targetSdkVersion="30" />
9-->src/main/AndroidManifest.xml
10
11    <uses-permission android:name="android.permission.GET_TASKS" />
11-->src/main/AndroidManifest.xml:7:5-67
11-->src/main/AndroidManifest.xml:7:22-65
12    <uses-permission android:name="com.android.launcher.permission.INSTALL_SHORTCUT" />
12-->src/main/AndroidManifest.xml:8:5-87
12-->src/main/AndroidManifest.xml:8:22-85
13    <uses-permission android:name="com.lge.permission.LGHIDDEN" />
13-->src/main/AndroidManifest.xml:9:5-66
13-->src/main/AndroidManifest.xml:9:22-64
14
15    <application
15-->src/main/AndroidManifest.xml:11:5-25:19
16        android:allowBackup="true"
16-->src/main/AndroidManifest.xml:12:9-35
17        android:appComponentFactory="androidx.core.app.CoreComponentFactory"
17-->[androidx.core:core:1.5.0-alpha05] AndroidManifest.xml:24:18-86
18        android:debuggable="true"
19        android:icon="@drawable/ic_launcher"
19-->src/main/AndroidManifest.xml:13:9-45
20        android:label="@string/app_name"
20-->src/main/AndroidManifest.xml:14:9-41
21        android:testOnly="true"
22        android:theme="@style/AppTheme" >
22-->src/main/AndroidManifest.xml:15:9-40
23        <activity
23-->src/main/AndroidManifest.xml:16:9-24:20
24            android:name="de.szalkowski.activitylauncher.MainActivity"
24-->src/main/AndroidManifest.xml:17:13-71
25            android:label="@string/app_name" >
25-->src/main/AndroidManifest.xml:18:13-45
26            <intent-filter>
26-->src/main/AndroidManifest.xml:19:13-23:29
27                <action android:name="android.intent.action.MAIN" />
27-->src/main/AndroidManifest.xml:20:17-69
27-->src/main/AndroidManifest.xml:20:25-66
28
29                <category android:name="android.intent.category.LAUNCHER" />
29-->src/main/AndroidManifest.xml:21:17-77
29-->src/main/AndroidManifest.xml:21:27-74
30
31                <action android:name="com.lge.permission.LGHIDDEN" />
31-->src/main/AndroidManifest.xml:22:17-70
31-->src/main/AndroidManifest.xml:22:25-67
32            </intent-filter>
33        </activity>
34    </application>
35
36</manifest>